2025-10-30T10:05:58.751+05:30  INFO 97303 --- [searchlocation] [restartedMain] c.e.s.SearchlocationApplication          : Starting SearchlocationApplication using Java 24.0.2 with PID 97303 (/Users/ginkalayugendhar/Documents/HyperGrid Technology Solutions/PROJECTS/searchlocation/target/classes started by ginkalayugendhar in /Users/ginkalayugendhar/Documents/HyperGrid Technology Solutions/PROJECTS/searchlocation)
2025-10-30T10:05:58.761+05:30  INFO 97303 --- [searchlocation] [restartedMain] c.e.s.SearchlocationApplication          : No active profile set, falling back to 1 default profile: "default"
2025-10-30T10:05:58.803+05:30  INFO 97303 --- [searchlocation] [restartedMain] .e.DevToolsPropertyDefaultsPostProcessor : Devtools property defaults active! Set 'spring.devtools.add-properties' to 'false' to disable
2025-10-30T10:05:58.804+05:30  INFO 97303 --- [searchlocation] [restartedMain] .e.DevToolsPropertyDefaultsPostProcessor : For additional web related logging consider setting the 'logging.level.web' property to 'DEBUG'
2025-10-30T10:05:59.281+05:30  INFO 97303 --- [searchlocation] [restartedMain] .s.d.r.c.RepositoryConfigurationDelegate : Bootstrapping Spring Data JPA repositories in DEFAULT mode.
2025-10-30T10:05:59.308+05:30  INFO 97303 --- [searchlocation] [restartedMain] .s.d.r.c.RepositoryConfigurationDelegate : Finished Spring Data repository scanning in 22 ms. Found 2 JPA repository interfaces.
2025-10-30T10:05:59.571+05:30  INFO 97303 --- [searchlocation] [restartedMain] o.s.b.w.embedded.tomcat.TomcatWebServer  : Tomcat initialized with port 8080 (http)
2025-10-30T10:05:59.579+05:30  INFO 97303 --- [searchlocation] [restartedMain] o.apache.catalina.core.StandardService   : Starting service [Tomcat]
2025-10-30T10:05:59.579+05:30  INFO 97303 --- [searchlocation] [restartedMain] o.apache.catalina.core.StandardEngine    : Starting Servlet engine: [Apache Tomcat/10.1.46]
2025-10-30T10:05:59.596+05:30  INFO 97303 --- [searchlocation] [restartedMain] o.a.c.c.C.[Tomcat].[localhost].[/]       : Initializing Spring embedded WebApplicationContext
2025-10-30T10:05:59.597+05:30  INFO 97303 --- [searchlocation] [restartedMain] w.s.c.ServletWebServerApplicationContext : Root WebApplicationContext: initialization completed in 792 ms
2025-10-30T10:05:59.891+05:30  INFO 97303 --- [searchlocation] [restartedMain] o.s.o.j.p.SpringPersistenceUnitInfo      : No LoadTimeWeaver setup: ignoring JPA class transformer
2025-10-30T10:05:59.906+05:30  INFO 97303 --- [searchlocation] [restartedMain] com.zaxxer.hikari.HikariDataSource       : HikariPool-1 - Starting...
2025-10-30T10:06:00.123+05:30  INFO 97303 --- [searchlocation] [restartedMain] com.zaxxer.hikari.pool.HikariPool        : HikariPool-1 - Added connection com.mysql.cj.jdbc.ConnectionImpl@146173e8
2025-10-30T10:06:00.124+05:30  INFO 97303 --- [searchlocation] [restartedMain] com.zaxxer.hikari.HikariDataSource       : HikariPool-1 - Start completed.
2025-10-30T10:06:00.665+05:30  INFO 97303 --- [searchlocation] [restartedMain] j.LocalContainerEntityManagerFactoryBean : Initialized JPA EntityManagerFactory for persistence unit 'default'
2025-10-30T10:06:00.820+05:30  WARN 97303 --- [searchlocation] [restartedMain] JpaBaseConfiguration$JpaWebConfiguration : spring.jpa.open-in-view is enabled by default. Therefore, database queries may be performed during view rendering. Explicitly configure spring.jpa.open-in-view to disable this warning
2025-10-30T10:06:00.980+05:30  INFO 97303 --- [searchlocation] [restartedMain] o.s.b.d.a.OptionalLiveReloadServer       : LiveReload server is running on port 35729
2025-10-30T10:06:00.997+05:30  INFO 97303 --- [searchlocation] [restartedMain] o.s.b.w.embedded.tomcat.TomcatWebServer  : Tomcat started on port 8080 (http) with context path '/'
2025-10-30T10:06:01.003+05:30  INFO 97303 --- [searchlocation] [restartedMain] c.e.s.SearchlocationApplication          : Started SearchlocationApplication in 2.602 seconds (process running for 2.962)
2025-10-30T10:06:07.892+05:30  INFO 97303 --- [searchlocation] [http-nio-8080-exec-1] o.a.c.c.C.[Tomcat].[localhost].[/]       : Initializing Spring DispatcherServlet 'dispatcherServlet'
2025-10-30T10:06:07.893+05:30  INFO 97303 --- [searchlocation] [http-nio-8080-exec-1] o.s.web.servlet.DispatcherServlet        : Initializing Servlet 'dispatcherServlet'
2025-10-30T10:06:07.897+05:30  INFO 97303 --- [searchlocation] [http-nio-8080-exec-1] o.s.web.servlet.DispatcherServlet        : Completed initialization in 4 ms
2025-10-30T10:06:24.282+05:30  INFO 97303 --- [searchlocation] [SpringApplicationShutdownHook] o.s.b.w.e.tomcat.GracefulShutdown        : Commencing graceful shutdown. Waiting for active requests to complete
2025-10-30T10:06:24.290+05:30  INFO 97303 --- [searchlocation] [tomcat-shutdown] o.s.b.w.e.tomcat.GracefulShutdown        : Graceful shutdown complete
2025-10-30T10:06:24.294+05:30  INFO 97303 --- [searchlocation] [SpringApplicationShutdownHook] j.LocalContainerEntityManagerFactoryBean : Closing JPA EntityManagerFactory for persistence unit 'default'
2025-10-30T10:06:24.299+05:30  INFO 97303 --- [searchlocation] [SpringApplicationShutdownHook] com.zaxxer.hikari.HikariDataSource       : HikariPool-1 - Shutdown initiated...
2025-10-30T10:06:24.306+05:30  INFO 97303 --- [searchlocation] [SpringApplicationShutdownHook] com.zaxxer.hikari.HikariDataSource       : HikariPool-1 - Shutdown completed.
2025-10-30T16:08:05.274+05:30  INFO 777 --- [searchlocation] [restartedMain] c.e.s.SearchlocationApplication          : Starting SearchlocationApplication using Java 24.0.2 with PID 777 (/Users/ginkalayugendhar/Documents/HyperGrid Technology Solutions/PROJECTS/searchlocation/target/classes started by ginkalayugendhar in /Users/ginkalayugendhar/Documents/HyperGrid Technology Solutions/PROJECTS/searchlocation)
2025-10-30T16:08:05.304+05:30  INFO 777 --- [searchlocation] [restartedMain] c.e.s.SearchlocationApplication          : No active profile set, falling back to 1 default profile: "default"
2025-10-30T16:08:05.369+05:30  INFO 777 --- [searchlocation] [restartedMain] .e.DevToolsPropertyDefaultsPostProcessor : Devtools property defaults active! Set 'spring.devtools.add-properties' to 'false' to disable
2025-10-30T16:08:05.369+05:30  INFO 777 --- [searchlocation] [restartedMain] .e.DevToolsPropertyDefaultsPostProcessor : For additional web related logging consider setting the 'logging.level.web' property to 'DEBUG'
2025-10-30T16:08:05.862+05:30  INFO 777 --- [searchlocation] [restartedMain] .s.d.r.c.RepositoryConfigurationDelegate : Bootstrapping Spring Data JPA repositories in DEFAULT mode.
2025-10-30T16:08:05.893+05:30  INFO 777 --- [searchlocation] [restartedMain] .s.d.r.c.RepositoryConfigurationDelegate : Finished Spring Data repository scanning in 25 ms. Found 2 JPA repository interfaces.
2025-10-30T16:08:06.222+05:30  INFO 777 --- [searchlocation] [restartedMain] o.s.b.w.embedded.tomcat.TomcatWebServer  : Tomcat initialized with port 8080 (http)
2025-10-30T16:08:06.233+05:30  INFO 777 --- [searchlocation] [restartedMain] o.apache.catalina.core.StandardService   : Starting service [Tomcat]
2025-10-30T16:08:06.234+05:30  INFO 777 --- [searchlocation] [restartedMain] o.apache.catalina.core.StandardEngine    : Starting Servlet engine: [Apache Tomcat/10.1.46]
2025-10-30T16:08:06.255+05:30  INFO 777 --- [searchlocation] [restartedMain] o.a.c.c.C.[Tomcat].[localhost].[/]       : Initializing Spring embedded WebApplicationContext
2025-10-30T16:08:06.256+05:30  INFO 777 --- [searchlocation] [restartedMain] w.s.c.ServletWebServerApplicationContext : Root WebApplicationContext: initialization completed in 887 ms
2025-10-30T16:08:06.571+05:30  INFO 777 --- [searchlocation] [restartedMain] o.s.o.j.p.SpringPersistenceUnitInfo      : No LoadTimeWeaver setup: ignoring JPA class transformer
2025-10-30T16:08:06.587+05:30  INFO 777 --- [searchlocation] [restartedMain] com.zaxxer.hikari.HikariDataSource       : HikariPool-1 - Starting...
2025-10-30T16:08:06.812+05:30  INFO 777 --- [searchlocation] [restartedMain] com.zaxxer.hikari.pool.HikariPool        : HikariPool-1 - Added connection com.mysql.cj.jdbc.ConnectionImpl@5626947c
2025-10-30T16:08:06.813+05:30  INFO 777 --- [searchlocation] [restartedMain] com.zaxxer.hikari.HikariDataSource       : HikariPool-1 - Start completed.
2025-10-30T16:08:07.422+05:30  INFO 777 --- [searchlocation] [restartedMain] j.LocalContainerEntityManagerFactoryBean : Initialized JPA EntityManagerFactory for persistence unit 'default'
2025-10-30T16:08:07.590+05:30  WARN 777 --- [searchlocation] [restartedMain] JpaBaseConfiguration$JpaWebConfiguration : spring.jpa.open-in-view is enabled by default. Therefore, database queries may be performed during view rendering. Explicitly configure spring.jpa.open-in-view to disable this warning
2025-10-30T16:08:07.770+05:30  INFO 777 --- [searchlocation] [restartedMain] o.s.b.d.a.OptionalLiveReloadServer       : LiveReload server is running on port 35729
2025-10-30T16:08:07.788+05:30  INFO 777 --- [searchlocation] [restartedMain] o.s.b.w.embedded.tomcat.TomcatWebServer  : Tomcat started on port 8080 (http) with context path '/'
2025-10-30T16:08:07.793+05:30  INFO 777 --- [searchlocation] [restartedMain] c.e.s.SearchlocationApplication          : Started SearchlocationApplication in 2.882 seconds (process running for 3.298)
2025-10-30T16:08:09.648+05:30  INFO 777 --- [searchlocation] [SpringApplicationShutdownHook] o.s.b.w.e.tomcat.GracefulShutdown        : Commencing graceful shutdown. Waiting for active requests to complete
2025-10-30T16:08:09.655+05:30  INFO 777 --- [searchlocation] [tomcat-shutdown] o.s.b.w.e.tomcat.GracefulShutdown        : Graceful shutdown complete
2025-10-30T16:08:09.658+05:30  INFO 777 --- [searchlocation] [SpringApplicationShutdownHook] j.LocalContainerEntityManagerFactoryBean : Closing JPA EntityManagerFactory for persistence unit 'default'
2025-10-30T16:08:09.660+05:30  INFO 777 --- [searchlocation] [SpringApplicationShutdownHook] com.zaxxer.hikari.HikariDataSource       : HikariPool-1 - Shutdown initiated...
2025-10-30T16:08:09.664+05:30  INFO 777 --- [searchlocation] [SpringApplicationShutdownHook] com.zaxxer.hikari.HikariDataSource       : HikariPool-1 - Shutdown completed.
